2022-11-17 14:57:17.446  INFO 5768 --- [main] com.crm.customer.Application             : Starting Application using Java 15.0.1 on DESKTOP-UQUBQ79 with PID 5768 (C:\CRM_AVISYS_22_09_2022\CRMCUSTOMER\target\classes started by User in C:\CRM_AVISYS_22_09_2022\CRMCUSTOMER)
2022-11-17 14:57:17.452  INFO 5768 --- [main] com.crm.customer.Application             : The following 1 profile is active: "dev"
2022-11-17 14:57:19.455  INFO 5768 --- [main] .s.d.r.c.RepositoryConfigurationDelegate : Bootstrapping Spring Data JPA repositories in DEFAULT mode.
2022-11-17 14:57:19.975  INFO 5768 --- [main] .s.d.r.c.RepositoryConfigurationDelegate : Finished Spring Data repository scanning in 506 ms. Found 12 JPA repository interfaces.
2022-11-17 14:57:22.461  INFO 5768 --- [main] o.s.cloud.context.scope.GenericScope     : BeanFactory id=58ad7dcc-25c5-3358-9216-d38c4dbc6ef9
2022-11-17 14:57:25.289  INFO 5768 --- [main] o.s.b.w.embedded.tomcat.TomcatWebServer  : Tomcat initialized with port(s): 7777 (http)
2022-11-17 14:57:25.338  INFO 5768 --- [main] o.apache.catalina.core.StandardService   : Starting service [Tomcat]
2022-11-17 14:57:25.341  INFO 5768 --- [main] org.apache.catalina.core.StandardEngine  : Starting Servlet engine: [Apache Tomcat/9.0.65]
2022-11-17 14:57:26.139  INFO 5768 --- [main] o.a.c.c.C.[Tomcat].[localhost].[/]       : Initializing Spring embedded WebApplicationContext
2022-11-17 14:57:26.141  INFO 5768 --- [main] w.s.c.ServletWebServerApplicationContext : Root WebApplicationContext: initialization completed in 8598 ms
2022-11-17 14:57:26.771 DEBUG 5768 --- [main] k.a.t.AbstractKeycloakAuthenticatorValve : Using org.keycloak.adapters.springboot.KeycloakSpringBootConfigResolverWrapper to resolve Keycloak configuration on a per-request basis.
2022-11-17 14:57:27.014  INFO 5768 --- [main] o.hibernate.jpa.internal.util.LogHelper  : HHH000204: Processing PersistenceUnitInfo [name: default]
2022-11-17 14:57:27.254  INFO 5768 --- [main] org.hibernate.Version                    : HHH000412: Hibernate ORM core version 5.6.11.Final
2022-11-17 14:57:28.303  INFO 5768 --- [main] o.hibernate.annotations.common.Version   : HCANN000001: Hibernate Commons Annotations {5.1.2.Final}
2022-11-17 14:57:29.017  INFO 5768 --- [main] com.zaxxer.hikari.HikariDataSource       : HikariPool-1 - Starting...
2022-11-17 14:57:29.641  INFO 5768 --- [main] com.zaxxer.hikari.HikariDataSource       : HikariPool-1 - Start completed.
2022-11-17 14:57:29.721  INFO 5768 --- [main] org.hibernate.dialect.Dialect            : HHH000400: Using dialect: org.hibernate.dialect.PostgreSQLDialect
2022-11-17 14:57:29.848  INFO 5768 --- [main] o.h.e.boot.internal.EnversServiceImpl    : Envers integration enabled? : true
2022-11-17 14:57:36.715  INFO 5768 --- [main] o.h.e.t.j.p.i.JtaPlatformInitiator       : HHH000490: Using JtaPlatform implementation: [org.hibernate.engine.transaction.jta.platform.internal.NoJtaPlatform]
2022-11-17 14:57:36.740  INFO 5768 --- [main] j.LocalContainerEntityManagerFactoryBean : Initialized JPA EntityManagerFactory for persistence unit 'default'
2022-11-17 14:57:38.197  WARN 5768 --- [main] JpaBaseConfiguration$JpaWebConfiguration : spring.jpa.open-in-view is enabled by default. Therefore, database queries may be performed during view rendering. Explicitly configure spring.jpa.open-in-view to disable this warning
2022-11-17 14:57:38.409  INFO 5768 --- [main] o.s.c.openfeign.FeignClientFactoryBean   : For 'KEYCLOAK' URL not provided. Will try picking an instance via load-balancing.
2022-11-17 14:57:39.453  INFO 5768 --- [main] o.s.c.openfeign.FeignClientFactoryBean   : For 'EMAIL-SERVICE' URL not provided. Will try picking an instance via load-balancing.
2022-11-17 14:57:45.326  INFO 5768 --- [RMI TCP Connection(4)-127.0.0.1] o.a.c.c.C.[Tomcat].[localhost].[/]       : Initializing Spring DispatcherServlet 'dispatcherServlet'
2022-11-17 14:57:45.327  INFO 5768 --- [RMI TCP Connection(4)-127.0.0.1] o.s.web.servlet.DispatcherServlet        : Initializing Servlet 'dispatcherServlet'
2022-11-17 14:57:45.400  INFO 5768 --- [main] DiscoveryClientOptionalArgsConfiguration : Eureka HTTP Client uses Jersey
2022-11-17 14:57:45.421  INFO 5768 --- [RMI TCP Connection(4)-127.0.0.1] o.s.b.a.e.web.EndpointLinksResolver      : Exposing 1 endpoint(s) beneath base path '/actuator'
2022-11-17 14:57:45.440  INFO 5768 --- [RMI TCP Connection(4)-127.0.0.1] o.s.web.servlet.DispatcherServlet        : Completed initialization in 113 ms
2022-11-17 14:57:45.523  WARN 5768 --- [main] iguration$LoadBalancerCaffeineWarnLogger : Spring Cloud LoadBalancer is currently working with the default cache. While this cache implementation is useful for development and tests, it's recommended to use Caffeine cache in production.You can switch to using Caffeine cache, by adding it and org.springframework.cache.caffeine.CaffeineCacheManager to the classpath.
2022-11-17 14:57:45.664  INFO 5768 --- [main] o.s.c.n.eureka.InstanceInfoFactory       : Setting initial instance status as: STARTING
2022-11-17 14:57:45.771  INFO 5768 --- [main] com.netflix.discovery.DiscoveryClient    : Initializing Eureka in region us-east-1
2022-11-17 14:57:46.206  INFO 5768 --- [main] c.n.d.provider.DiscoveryJerseyProvider   : Using JSON encoding codec LegacyJacksonJson
2022-11-17 14:57:46.207  INFO 5768 --- [main] c.n.d.provider.DiscoveryJerseyProvider   : Using JSON decoding codec LegacyJacksonJson
2022-11-17 14:57:46.602  INFO 5768 --- [main] c.n.d.provider.DiscoveryJerseyProvider   : Using XML encoding codec XStreamXml
2022-11-17 14:57:46.603  INFO 5768 --- [main] c.n.d.provider.DiscoveryJerseyProvider   : Using XML decoding codec XStreamXml
2022-11-17 14:57:47.610  INFO 5768 --- [main] c.n.d.s.r.aws.ConfigClusterResolver      : Resolving eureka endpoints via configuration
2022-11-17 14:57:47.651  INFO 5768 --- [main] com.netflix.discovery.DiscoveryClient    : Disable delta property : false
2022-11-17 14:57:47.651  INFO 5768 --- [main] com.netflix.discovery.DiscoveryClient    : Single vip registry refresh property : null
2022-11-17 14:57:47.652  INFO 5768 --- [main] com.netflix.discovery.DiscoveryClient    : Force full registry fetch : false
2022-11-17 14:57:47.653  INFO 5768 --- [main] com.netflix.discovery.DiscoveryClient    : Application is null : false
2022-11-17 14:57:47.654  INFO 5768 --- [main] com.netflix.discovery.DiscoveryClient    : Registered Applications size is zero : true
2022-11-17 14:57:47.655  INFO 5768 --- [main] com.netflix.discovery.DiscoveryClient    : Application version is -1: true
2022-11-17 14:57:47.655  INFO 5768 --- [main] com.netflix.discovery.DiscoveryClient    : Getting all instance registry info from the eureka server
2022-11-17 14:57:48.150  INFO 5768 --- [main] com.netflix.discovery.DiscoveryClient    : The response status is 200
2022-11-17 14:57:48.183  INFO 5768 --- [main] com.netflix.discovery.DiscoveryClient    : Starting heartbeat executor: renew interval is: 30
2022-11-17 14:57:48.210  INFO 5768 --- [main] c.n.discovery.InstanceInfoReplicator     : InstanceInfoReplicator onDemand update allowed rate per min is 4
2022-11-17 14:57:48.258  INFO 5768 --- [main] com.netflix.discovery.DiscoveryClient    : Discovery Client initialized at timestamp 1668677268256 with initial instances count: 6
2022-11-17 14:57:48.262  INFO 5768 --- [main] o.s.c.n.e.s.EurekaServiceRegistry        : Registering application CUSTOMER-SERVICE with eureka with status UP
2022-11-17 14:57:48.263  INFO 5768 --- [main] com.netflix.discovery.DiscoveryClient    : Saw local status change event StatusChangeEvent [timestamp=1668677268263, current=UP, previous=STARTING]
2022-11-17 14:57:48.266  INFO 5768 --- [DiscoveryClient-InstanceInfoReplicator-0] com.netflix.discovery.DiscoveryClient    : DiscoveryClient_CUSTOMER-SERVICE/DESKTOP-UQUBQ79:customer-service:7777: registering service...
2022-11-17 14:57:48.343  INFO 5768 --- [main] o.s.b.w.embedded.tomcat.TomcatWebServer  : Tomcat started on port(s): 7777 (http) with context path ''
2022-11-17 14:57:48.345  INFO 5768 --- [main] .s.c.n.e.s.EurekaAutoServiceRegistration : Updating port to 7777
2022-11-17 14:57:48.379  INFO 5768 --- [DiscoveryClient-InstanceInfoReplicator-0] com.netflix.discovery.DiscoveryClient    : DiscoveryClient_CUSTOMER-SERVICE/DESKTOP-UQUBQ79:customer-service:7777 - registration status: 204
2022-11-17 14:57:49.043  INFO 5768 --- [main] com.crm.customer.Application             : Started Application in 33.547 seconds (JVM running for 36.019)
2022-11-17 14:58:51.929 DEBUG 5768 --- [http-nio-7777-exec-2] o.k.adapters.PreAuthActionsHandler       : adminRequest http://localhost:7777/data-table-metadata/billing-contact
2022-11-17 14:58:51.936 DEBUG 5768 --- [http-nio-7777-exec-2] o.k.a.a.ClientCredentialsProviderUtils   : Using provider 'secret' for authentication of client 'Reports-management'
2022-11-17 14:58:51.939 DEBUG 5768 --- [http-nio-7777-exec-2] o.k.a.a.ClientCredentialsProviderUtils   : Loaded clientCredentialsProvider secret
2022-11-17 14:58:51.941 DEBUG 5768 --- [http-nio-7777-exec-2] o.k.a.a.ClientCredentialsProviderUtils   : Loaded clientCredentialsProvider jwt
2022-11-17 14:58:51.943 DEBUG 5768 --- [http-nio-7777-exec-2] o.k.a.a.ClientCredentialsProviderUtils   : Loaded clientCredentialsProvider secret-jwt
2022-11-17 14:58:51.945 DEBUG 5768 --- [http-nio-7777-exec-2] o.k.a.a.ClientCredentialsProviderUtils   : Loaded clientCredentialsProvider secret
2022-11-17 14:58:51.946 DEBUG 5768 --- [http-nio-7777-exec-2] o.k.a.a.ClientCredentialsProviderUtils   : Loaded clientCredentialsProvider jwt
2022-11-17 14:58:51.946 DEBUG 5768 --- [http-nio-7777-exec-2] o.k.a.a.ClientCredentialsProviderUtils   : Loaded clientCredentialsProvider secret-jwt
2022-11-17 14:58:51.958 DEBUG 5768 --- [http-nio-7777-exec-2] o.k.adapters.PreAuthActionsHandler       : checkCorsPreflight http://localhost:7777/data-table-metadata/billing-contact
2022-11-17 14:58:51.977 DEBUG 5768 --- [http-nio-7777-exec-2] o.k.a.BearerTokenRequestAuthenticator    : Found [1] values in authorization header, selecting the first value for Bearer.
2022-11-17 14:58:51.979 DEBUG 5768 --- [http-nio-7777-exec-2] o.k.a.BearerTokenRequestAuthenticator    : Verifying access_token
2022-11-17 14:58:51.991 DEBUG 5768 --- [http-nio-7777-exec-2] o.keycloak.adapters.KeycloakDeployment   : Resolving URLs from http://192.168.1.11:8080/auth/realms/Laboratory/.well-known/openid-configuration
2022-11-17 14:58:52.073  INFO 5768 --- [http-nio-7777-exec-2] o.keycloak.adapters.KeycloakDeployment   : Loaded URLs from http://192.168.1.11:8080/auth/realms/Laboratory/.well-known/openid-configuration
2022-11-17 14:58:52.847 DEBUG 5768 --- [http-nio-7777-exec-2] o.k.a.rotation.JWKPublicKeyLocator       : Realm public keys successfully retrieved for client Reports-management. New kids: [RMpSmbpKe__Ad-YiVL-PEhJ0oiobbZfwhnJbTT_x0oU]
2022-11-17 14:58:52.852 DEBUG 5768 --- [http-nio-7777-exec-2] o.k.a.BearerTokenRequestAuthenticator    : successful authorized
2022-11-17 14:58:52.870 DEBUG 5768 --- [http-nio-7777-exec-2] o.k.adapters.RequestAuthenticator        : User '7513269c-e892-4e1c-8e39-d77f9601dcde' invoking 'http://localhost:7777/data-table-metadata/billing-contact' on client 'Reports-management'
2022-11-17 14:58:52.871 DEBUG 5768 --- [http-nio-7777-exec-2] o.k.adapters.RequestAuthenticator        : Bearer AUTHENTICATED
2022-11-17 14:58:52.872 DEBUG 5768 --- [http-nio-7777-exec-2] .k.a.t.AbstractAuthenticatedActionsValve : AuthenticatedActionsValve.invoke /data-table-metadata/billing-contact
2022-11-17 14:58:52.875 DEBUG 5768 --- [http-nio-7777-exec-2] o.k.a.AuthenticatedActionsHandler        : AuthenticatedActionsValve.invoke http://localhost:7777/data-table-metadata/billing-contact
2022-11-17 14:58:52.945  INFO 5768 --- [http-nio-7777-exec-2] o.k.a.authorization.PolicyEnforcer       : Paths provided in configuration.
2022-11-17 14:58:52.945 DEBUG 5768 --- [http-nio-7777-exec-2] o.k.a.authorization.PolicyEnforcer       : Trying to find resource with uri [/customer/*] for path [/customer/*].
2022-11-17 14:58:53.056 DEBUG 5768 --- [http-nio-7777-exec-2] o.k.a.authorization.PolicyEnforcer       : Trying to find resource with uri [/data-table-metadata/*] for path [/data-table-metadata/*].
2022-11-17 14:58:53.082 DEBUG 5768 --- [http-nio-7777-exec-2] o.k.a.authorization.PolicyEnforcer       : Trying to find resource with uri [/address-details/*] for path [/address-details/*].
2022-11-17 14:58:53.113 DEBUG 5768 --- [http-nio-7777-exec-2] o.k.a.authorization.PolicyEnforcer       : Trying to find resource with uri [/contact-details/*] for path [/contact-details/*].
2022-11-17 14:58:53.143 DEBUG 5768 --- [http-nio-7777-exec-2] o.k.a.authorization.PolicyEnforcer       : Trying to find resource with uri [/reference-details/*] for path [/reference-details/*].
2022-11-17 14:58:53.178 DEBUG 5768 --- [http-nio-7777-exec-2] o.k.a.authorization.PolicyEnforcer       : Trying to find resource with uri [/identification-details/*] for path [/identification-details/*].
2022-11-17 14:58:53.209 DEBUG 5768 --- [http-nio-7777-exec-2] o.k.a.authorization.PolicyEnforcer       : Trying to find resource with uri [/occupation-details/*] for path [/occupation-details/*].
2022-11-17 14:58:53.236 DEBUG 5768 --- [http-nio-7777-exec-2] o.k.a.authorization.PolicyEnforcer       : Trying to find resource with uri [/billing-account/*] for path [/billing-account/*].
2022-11-17 14:58:53.259 DEBUG 5768 --- [http-nio-7777-exec-2] o.k.a.authorization.PolicyEnforcer       : Trying to find resource with uri [/invoice-details/*] for path [/invoice-details/*].
2022-11-17 14:58:53.281 DEBUG 5768 --- [http-nio-7777-exec-2] o.k.a.authorization.PolicyEnforcer       : Trying to find resource with uri [/credit-card-payment/*] for path [/credit-card-payment/*].
2022-11-17 14:58:53.304 DEBUG 5768 --- [http-nio-7777-exec-2] o.k.a.authorization.PolicyEnforcer       : Trying to find resource with uri [/bank-details/*] for path [/bank-details/*].
2022-11-17 14:58:53.328 DEBUG 5768 --- [http-nio-7777-exec-2] o.k.a.authorization.PolicyEnforcer       : Trying to find resource with uri [/billing-contact-details/*] for path [/billing-contact-details/*].
2022-11-17 14:58:53.354 DEBUG 5768 --- [http-nio-7777-exec-2] o.k.a.authorization.PolicyEnforcer       : Trying to find resource with uri [/collaterals/*] for path [/collaterals/*].
2022-11-17 14:58:53.404 DEBUG 5768 --- [http-nio-7777-exec-2] o.k.a.authorization.PolicyEnforcer       : Initialization complete. Path configurations:
2022-11-17 14:58:53.405 DEBUG 5768 --- [http-nio-7777-exec-2] o.k.a.authorization.PolicyEnforcer       : PathConfig{name='null', type='null', path='/customer/*', scopes=[], id='fa82c3a9-c14a-4ea1-b782-7ad14aa8f4ec', enforcerMode='ENFORCING'}
2022-11-17 14:58:53.406 DEBUG 5768 --- [http-nio-7777-exec-2] o.k.a.authorization.PolicyEnforcer       : PathConfig{name='null', type='null', path='/data-table-metadata/*', scopes=[], id='bcf036df-1cf7-4542-a30b-083067ee9141', enforcerMode='ENFORCING'}
2022-11-17 14:58:53.409 DEBUG 5768 --- [http-nio-7777-exec-2] o.k.a.authorization.PolicyEnforcer       : PathConfig{name='null', type='null', path='/address-details/*', scopes=[], id='40a1ff17-2468-435e-8da3-deb58805fbdc', enforcerMode='ENFORCING'}
2022-11-17 14:58:53.410 DEBUG 5768 --- [http-nio-7777-exec-2] o.k.a.authorization.PolicyEnforcer       : PathConfig{name='null', type='null', path='/contact-details/*', scopes=[], id='271c42a5-63ee-4aa7-b47a-468ce8125860', enforcerMode='ENFORCING'}
2022-11-17 14:58:53.411 DEBUG 5768 --- [http-nio-7777-exec-2] o.k.a.authorization.PolicyEnforcer       : PathConfig{name='null', type='null', path='/reference-details/*', scopes=[], id='9e1c59d3-f836-453e-9fc0-799e1e3e8e82', enforcerMode='ENFORCING'}
2022-11-17 14:58:53.411 DEBUG 5768 --- [http-nio-7777-exec-2] o.k.a.authorization.PolicyEnforcer       : PathConfig{name='null', type='null', path='/identification-details/*', scopes=[], id='b55e6f2c-2930-4779-aec4-ca4426522fe3', enforcerMode='ENFORCING'}
2022-11-17 14:58:53.412 DEBUG 5768 --- [http-nio-7777-exec-2] o.k.a.authorization.PolicyEnforcer       : PathConfig{name='null', type='null', path='/occupation-details/*', scopes=[], id='0e5697ee-0567-46aa-89b6-f1c9ab3e683f', enforcerMode='ENFORCING'}
2022-11-17 14:58:53.413 DEBUG 5768 --- [http-nio-7777-exec-2] o.k.a.authorization.PolicyEnforcer       : PathConfig{name='null', type='null', path='/billing-account/*', scopes=[], id='60169f2e-7713-40d1-a182-f7c79745aa41', enforcerMode='ENFORCING'}
2022-11-17 14:58:53.415 DEBUG 5768 --- [http-nio-7777-exec-2] o.k.a.authorization.PolicyEnforcer       : PathConfig{name='null', type='null', path='/invoice-details/*', scopes=[], id='aced42cc-0e72-4890-b2cf-fc0131b078e3', enforcerMode='ENFORCING'}
2022-11-17 14:58:53.416 DEBUG 5768 --- [http-nio-7777-exec-2] o.k.a.authorization.PolicyEnforcer       : PathConfig{name='null', type='null', path='/credit-card-payment/*', scopes=[], id='c49f0659-a2c8-4a54-a2a8-9389de879d5b', enforcerMode='ENFORCING'}
2022-11-17 14:58:53.416 DEBUG 5768 --- [http-nio-7777-exec-2] o.k.a.authorization.PolicyEnforcer       : PathConfig{name='null', type='null', path='/bank-details/*', scopes=[], id='030b616f-b6cd-4861-bd6d-c1f4fd5b25d2', enforcerMode='ENFORCING'}
2022-11-17 14:58:53.416 DEBUG 5768 --- [http-nio-7777-exec-2] o.k.a.authorization.PolicyEnforcer       : PathConfig{name='null', type='null', path='/billing-contact-details/*', scopes=[], id='1fe97ce2-a3d5-4480-b342-f9944c8a45bd', enforcerMode='ENFORCING'}
2022-11-17 14:58:53.417 DEBUG 5768 --- [http-nio-7777-exec-2] o.k.a.authorization.PolicyEnforcer       : PathConfig{name='null', type='null', path='/collaterals/*', scopes=[], id='38d38e11-8fc9-4e0f-a4aa-592bbc462bc5', enforcerMode='ENFORCING'}
2022-11-17 14:58:53.439 DEBUG 5768 --- [http-nio-7777-exec-2] o.k.a.AuthenticatedActionsHandler        : Origin: null uri: http://localhost:7777/data-table-metadata/billing-contact
2022-11-17 14:58:53.441 DEBUG 5768 --- [http-nio-7777-exec-2] o.k.a.AuthenticatedActionsHandler        : cors validation not needed as we are not a secure session or origin header was null: http://localhost:7777/data-table-metadata/billing-contact
2022-11-17 14:58:53.442 DEBUG 5768 --- [http-nio-7777-exec-2] o.k.a.authorization.PolicyEnforcer       : Policy enforcement is enabled. Enforcing policy decisions for path [http://localhost:7777/data-table-metadata/billing-contact].
2022-11-17 14:58:53.468 DEBUG 5768 --- [http-nio-7777-exec-2] o.k.a.a.AbstractPolicyEnforcer           : Checking permissions for path [http://localhost:7777/data-table-metadata/billing-contact] with config [PathConfig{name='null', type='null', path='/data-table-metadata/*', scopes=[], id='bcf036df-1cf7-4542-a30b-083067ee9141', enforcerMode='ENFORCING'}].
2022-11-17 14:58:53.480 DEBUG 5768 --- [http-nio-7777-exec-2] o.k.a.a.KeycloakAdapterPolicyEnforcer    : Obtaining authorization for authenticated user.
2022-11-17 14:58:53.560 DEBUG 5768 --- [http-nio-7777-exec-2] o.k.a.a.AbstractPolicyEnforcer           : Authorization GRANTED for path [PathConfig{name='null', type='null', path='/data-table-metadata/*', scopes=[], id='bcf036df-1cf7-4542-a30b-083067ee9141', enforcerMode='ENFORCING'}]. Permissions [[Permission {id=bcf036df-1cf7-4542-a30b-083067ee9141, name=Data-table-Metadata, scopes=[view]}]].
2022-11-17 14:58:53.560 DEBUG 5768 --- [http-nio-7777-exec-2] o.k.a.authorization.PolicyEnforcer       : Policy enforcement result for path [http://localhost:7777/data-table-metadata/billing-contact] is : GRANTED
2022-11-17 14:58:53.561 DEBUG 5768 --- [http-nio-7777-exec-2] o.k.a.authorization.PolicyEnforcer       : Returning authorization context with permissions:
2022-11-17 14:58:53.561 DEBUG 5768 --- [http-nio-7777-exec-2] o.k.a.authorization.PolicyEnforcer       : Permission {id=bcf036df-1cf7-4542-a30b-083067ee9141, name=Data-table-Metadata, scopes=[view]}
2022-11-17 15:02:47.663  INFO 5768 --- [AsyncResolver-bootstrap-executor-0] c.n.d.s.r.aws.ConfigClusterResolver      : Resolving eureka endpoints via configuration
2022-11-17 15:07:47.670  INFO 5768 --- [AsyncResolver-bootstrap-executor-0] c.n.d.s.r.aws.ConfigClusterResolver      : Resolving eureka endpoints via configuration
2022-11-17 15:12:47.683  INFO 5768 --- [AsyncResolver-bootstrap-executor-0] c.n.d.s.r.aws.ConfigClusterResolver      : Resolving eureka endpoints via configuration
2022-11-17 15:17:47.696  INFO 5768 --- [AsyncResolver-bootstrap-executor-0] c.n.d.s.r.aws.ConfigClusterResolver      : Resolving eureka endpoints via configuration
2022-11-17 15:22:47.699  INFO 5768 --- [AsyncResolver-bootstrap-executor-0] c.n.d.s.r.aws.ConfigClusterResolver      : Resolving eureka endpoints via configuration
2022-11-17 15:27:47.702  INFO 5768 --- [AsyncResolver-bootstrap-executor-0] c.n.d.s.r.aws.ConfigClusterResolver      : Resolving eureka endpoints via configuration
2022-11-17 15:32:47.712  INFO 5768 --- [AsyncResolver-bootstrap-executor-0] c.n.d.s.r.aws.ConfigClusterResolver      : Resolving eureka endpoints via configuration
2022-11-17 15:37:47.731  INFO 5768 --- [AsyncResolver-bootstrap-executor-0] c.n.d.s.r.aws.ConfigClusterResolver      : Resolving eureka endpoints via configuration
2022-11-17 15:42:47.735  INFO 5768 --- [AsyncResolver-bootstrap-executor-0] c.n.d.s.r.aws.ConfigClusterResolver      : Resolving eureka endpoints via configuration
2022-11-17 15:47:47.747  INFO 5768 --- [AsyncResolver-bootstrap-executor-0] c.n.d.s.r.aws.ConfigClusterResolver      : Resolving eureka endpoints via configuration
2022-11-17 15:52:47.763  INFO 5768 --- [AsyncResolver-bootstrap-executor-0] c.n.d.s.r.aws.ConfigClusterResolver      : Resolving eureka endpoints via configuration
2022-11-17 15:57:47.773  INFO 5768 --- [AsyncResolver-bootstrap-executor-0] c.n.d.s.r.aws.ConfigClusterResolver      : Resolving eureka endpoints via configuration
2022-11-17 16:02:47.782  INFO 5768 --- [AsyncResolver-bootstrap-executor-0] c.n.d.s.r.aws.ConfigClusterResolver      : Resolving eureka endpoints via configuration
2022-11-17 16:07:47.790  INFO 5768 --- [AsyncResolver-bootstrap-executor-0] c.n.d.s.r.aws.ConfigClusterResolver      : Resolving eureka endpoints via configuration
2022-11-17 16:12:47.795  INFO 5768 --- [AsyncResolver-bootstrap-executor-0] c.n.d.s.r.aws.ConfigClusterResolver      : Resolving eureka endpoints via configuration
2022-11-17 16:17:47.809  INFO 5768 --- [AsyncResolver-bootstrap-executor-0] c.n.d.s.r.aws.ConfigClusterResolver      : Resolving eureka endpoints via configuration
2022-11-17 16:22:47.826  INFO 5768 --- [AsyncResolver-bootstrap-executor-0] c.n.d.s.r.aws.ConfigClusterResolver      : Resolving eureka endpoints via configuration
2022-11-17 16:27:47.843  INFO 5768 --- [AsyncResolver-bootstrap-executor-0] c.n.d.s.r.aws.ConfigClusterResolver      : Resolving eureka endpoints via configuration
2022-11-17 16:32:47.846  INFO 5768 --- [AsyncResolver-bootstrap-executor-0] c.n.d.s.r.aws.ConfigClusterResolver      : Resolving eureka endpoints via configuration
2022-11-17 16:37:47.858  INFO 5768 --- [AsyncResolver-bootstrap-executor-0] c.n.d.s.r.aws.ConfigClusterResolver      : Resolving eureka endpoints via configuration
2022-11-17 16:42:47.872  INFO 5768 --- [AsyncResolver-bootstrap-executor-0] c.n.d.s.r.aws.ConfigClusterResolver      : Resolving eureka endpoints via configuration
2022-11-17 16:47:47.874  INFO 5768 --- [AsyncResolver-bootstrap-executor-0] c.n.d.s.r.aws.ConfigClusterResolver      : Resolving eureka endpoints via configuration
2022-11-17 16:52:47.889  INFO 5768 --- [AsyncResolver-bootstrap-executor-0] c.n.d.s.r.aws.ConfigClusterResolver      : Resolving eureka endpoints via configuration
2022-11-17 16:57:47.892  INFO 5768 --- [AsyncResolver-bootstrap-executor-0] c.n.d.s.r.aws.ConfigClusterResolver      : Resolving eureka endpoints via configuration
2022-11-17 17:02:47.904  INFO 5768 --- [AsyncResolver-bootstrap-executor-0] c.n.d.s.r.aws.ConfigClusterResolver      : Resolving eureka endpoints via configuration
2022-11-17 17:07:47.910  INFO 5768 --- [AsyncResolver-bootstrap-executor-0] c.n.d.s.r.aws.ConfigClusterResolver      : Resolving eureka endpoints via configuration
2022-11-17 17:12:47.916  INFO 5768 --- [AsyncResolver-bootstrap-executor-0] c.n.d.s.r.aws.ConfigClusterResolver      : Resolving eureka endpoints via configuration
2022-11-17 17:17:47.924  INFO 5768 --- [AsyncResolver-bootstrap-executor-0] c.n.d.s.r.aws.ConfigClusterResolver      : Resolving eureka endpoints via configuration
2022-11-17 17:22:47.931  INFO 5768 --- [AsyncResolver-bootstrap-executor-0] c.n.d.s.r.aws.ConfigClusterResolver      : Resolving eureka endpoints via configuration
2022-11-17 17:27:47.937  INFO 5768 --- [AsyncResolver-bootstrap-executor-0] c.n.d.s.r.aws.ConfigClusterResolver      : Resolving eureka endpoints via configuration
2022-11-17 17:32:47.943  INFO 5768 --- [AsyncResolver-bootstrap-executor-0] c.n.d.s.r.aws.ConfigClusterResolver      : Resolving eureka endpoints via configuration
2022-11-17 17:37:47.954  INFO 5768 --- [AsyncResolver-bootstrap-executor-0] c.n.d.s.r.aws.ConfigClusterResolver      : Resolving eureka endpoints via configuration
2022-11-17 17:42:47.956  INFO 5768 --- [AsyncResolver-bootstrap-executor-0] c.n.d.s.r.aws.ConfigClusterResolver      : Resolving eureka endpoints via configuration
2022-11-17 17:47:47.973  INFO 5768 --- [AsyncResolver-bootstrap-executor-0] c.n.d.s.r.aws.ConfigClusterResolver      : Resolving eureka endpoints via configuration
2022-11-17 17:52:47.983  INFO 5768 --- [AsyncResolver-bootstrap-executor-0] c.n.d.s.r.aws.ConfigClusterResolver      : Resolving eureka endpoints via configuration
2022-11-17 17:57:47.984  INFO 5768 --- [AsyncResolver-bootstrap-executor-0] c.n.d.s.r.aws.ConfigClusterResolver      : Resolving eureka endpoints via configuration
2022-11-17 18:02:47.995  INFO 5768 --- [AsyncResolver-bootstrap-executor-0] c.n.d.s.r.aws.ConfigClusterResolver      : Resolving eureka endpoints via configuration
2022-11-17 18:07:01.922  INFO 5768 --- [RMI TCP Connection(195)-127.0.0.1] inMXBeanRegistrar$SpringApplicationAdmin : Application shutdown requested.
2022-11-17 18:07:01.924  INFO 5768 --- [RMI TCP Connection(195)-127.0.0.1] o.s.c.n.e.s.EurekaServiceRegistry        : Unregistering application CUSTOMER-SERVICE with eureka with status DOWN
2022-11-17 18:07:01.924  INFO 5768 --- [RMI TCP Connection(195)-127.0.0.1] com.netflix.discovery.DiscoveryClient    : Saw local status change event StatusChangeEvent [timestamp=1668688621924, current=DOWN, previous=UP]
2022-11-17 18:07:01.925  INFO 5768 --- [DiscoveryClient-InstanceInfoReplicator-0] com.netflix.discovery.DiscoveryClient    : DiscoveryClient_CUSTOMER-SERVICE/DESKTOP-UQUBQ79:customer-service:7777: registering service...
2022-11-17 18:07:01.944  INFO 5768 --- [RMI TCP Connection(195)-127.0.0.1] o.apache.catalina.core.StandardService   : Stopping service [Tomcat]
2022-11-17 18:07:01.948  INFO 5768 --- [RMI TCP Connection(195)-127.0.0.1] o.a.c.c.C.[Tomcat].[localhost].[/]       : Destroying Spring FrameworkServlet 'dispatcherServlet'
2022-11-17 18:07:01.951  INFO 5768 --- [DiscoveryClient-InstanceInfoReplicator-0] com.netflix.discovery.DiscoveryClient    : DiscoveryClient_CUSTOMER-SERVICE/DESKTOP-UQUBQ79:customer-service:7777 - registration status: 204
2022-11-17 18:07:01.970  INFO 5768 --- [RMI TCP Connection(195)-127.0.0.1] j.LocalContainerEntityManagerFactoryBean : Closing JPA EntityManagerFactory for persistence unit 'default'
2022-11-17 18:07:01.973  INFO 5768 --- [RMI TCP Connection(195)-127.0.0.1] com.zaxxer.hikari.HikariDataSource       : HikariPool-1 - Shutdown initiated...
2022-11-17 18:07:01.974  INFO 5768 --- [RMI TCP Connection(195)-127.0.0.1] com.zaxxer.hikari.HikariDataSource       : HikariPool-1 - Shutdown completed.
2022-11-17 18:07:01.978  INFO 5768 --- [RMI TCP Connection(195)-127.0.0.1] com.netflix.discovery.DiscoveryClient    : Shutting down DiscoveryClient ...
2022-11-17 18:07:04.998  INFO 5768 --- [RMI TCP Connection(195)-127.0.0.1] com.netflix.discovery.DiscoveryClient    : Unregistering ...
2022-11-17 18:07:05.017  INFO 5768 --- [RMI TCP Connection(195)-127.0.0.1] com.netflix.discovery.DiscoveryClient    : DiscoveryClient_CUSTOMER-SERVICE/DESKTOP-UQUBQ79:customer-service:7777 - deregister  status: 200
2022-11-17 18:07:05.231  INFO 5768 --- [RMI TCP Connection(195)-127.0.0.1] com.netflix.discovery.DiscoveryClient    : Completed shut down of DiscoveryClient
2022-11-17 18:07:11.564  INFO 17628 --- [main] com.crm.customer.Application             : Starting Application using Java 15.0.1 on DESKTOP-UQUBQ79 with PID 17628 (C:\CRM_AVISYS_22_09_2022\CRMCUSTOMER\target\classes started by User in C:\CRM_AVISYS_22_09_2022\CRMCUSTOMER)
2022-11-17 18:07:11.567  INFO 17628 --- [main] com.crm.customer.Application             : The following 1 profile is active: "dev"
2022-11-17 18:07:12.190  INFO 17628 --- [main] .s.d.r.c.RepositoryConfigurationDelegate : Bootstrapping Spring Data JPA repositories in DEFAULT mode.
2022-11-17 18:07:12.349  INFO 17628 --- [main] .s.d.r.c.RepositoryConfigurationDelegate : Finished Spring Data repository scanning in 153 ms. Found 12 JPA repository interfaces.
2022-11-17 18:07:12.801  INFO 17628 --- [main] o.s.cloud.context.scope.GenericScope     : BeanFactory id=58ad7dcc-25c5-3358-9216-d38c4dbc6ef9
2022-11-17 18:07:13.258  INFO 17628 --- [main] o.s.b.w.embedded.tomcat.TomcatWebServer  : Tomcat initialized with port(s): 7777 (http)
2022-11-17 18:07:13.267  INFO 17628 --- [main] o.apache.catalina.core.StandardService   : Starting service [Tomcat]
2022-11-17 18:07:13.269  INFO 17628 --- [main] org.apache.catalina.core.StandardEngine  : Starting Servlet engine: [Apache Tomcat/9.0.65]
2022-11-17 18:07:13.413  INFO 17628 --- [main] o.a.c.c.C.[Tomcat].[localhost].[/]       : Initializing Spring embedded WebApplicationContext
2022-11-17 18:07:13.413  INFO 17628 --- [main] w.s.c.ServletWebServerApplicationContext : Root WebApplicationContext: initialization completed in 1804 ms
2022-11-17 18:07:13.577 DEBUG 17628 --- [main] k.a.t.AbstractKeycloakAuthenticatorValve : Using org.keycloak.adapters.springboot.KeycloakSpringBootConfigResolverWrapper to resolve Keycloak configuration on a per-request basis.
2022-11-17 18:07:13.649  INFO 17628 --- [main] o.hibernate.jpa.internal.util.LogHelper  : HHH000204: Processing PersistenceUnitInfo [name: default]
2022-11-17 18:07:13.702  INFO 17628 --- [main] org.hibernate.Version                    : HHH000412: Hibernate ORM core version 5.6.11.Final
2022-11-17 18:07:13.876  INFO 17628 --- [main] o.hibernate.annotations.common.Version   : HCANN000001: Hibernate Commons Annotations {5.1.2.Final}
2022-11-17 18:07:13.987  INFO 17628 --- [main] com.zaxxer.hikari.HikariDataSource       : HikariPool-1 - Starting...
2022-11-17 18:07:14.145  INFO 17628 --- [main] com.zaxxer.hikari.HikariDataSource       : HikariPool-1 - Start completed.
2022-11-17 18:07:14.164  INFO 17628 --- [main] org.hibernate.dialect.Dialect            : HHH000400: Using dialect: org.hibernate.dialect.PostgreSQLDialect
2022-11-17 18:07:14.203  INFO 17628 --- [main] o.h.e.boot.internal.EnversServiceImpl    : Envers integration enabled? : true
2022-11-17 18:07:15.845  INFO 17628 --- [main] o.h.e.t.j.p.i.JtaPlatformInitiator       : HHH000490: Using JtaPlatform implementation: [org.hibernate.engine.transaction.jta.platform.internal.NoJtaPlatform]
2022-11-17 18:07:15.854  INFO 17628 --- [main] j.LocalContainerEntityManagerFactoryBean : Initialized JPA EntityManagerFactory for persistence unit 'default'
2022-11-17 18:07:16.253  WARN 17628 --- [main] JpaBaseConfiguration$JpaWebConfiguration : spring.jpa.open-in-view is enabled by default. Therefore, database queries may be performed during view rendering. Explicitly configure spring.jpa.open-in-view to disable this warning
2022-11-17 18:07:16.324  INFO 17628 --- [main] o.s.c.openfeign.FeignClientFactoryBean   : For 'KEYCLOAK' URL not provided. Will try picking an instance via load-balancing.
2022-11-17 18:07:16.577  INFO 17628 --- [main] o.s.c.openfeign.FeignClientFactoryBean   : For 'EMAIL-SERVICE' URL not provided. Will try picking an instance via load-balancing.
2022-11-17 18:07:17.948  INFO 17628 --- [main] DiscoveryClientOptionalArgsConfiguration : Eureka HTTP Client uses Jersey
2022-11-17 18:07:17.985  WARN 17628 --- [main] iguration$LoadBalancerCaffeineWarnLogger : Spring Cloud LoadBalancer is currently working with the default cache. While this cache implementation is useful for development and tests, it's recommended to use Caffeine cache in production.You can switch to using Caffeine cache, by adding it and org.springframework.cache.caffeine.CaffeineCacheManager to the classpath.
2022-11-17 18:07:17.991  INFO 17628 --- [main] o.s.b.a.e.web.EndpointLinksResolver      : Exposing 1 endpoint(s) beneath base path '/actuator'
2022-11-17 18:07:18.050  INFO 17628 --- [main] o.s.c.n.eureka.InstanceInfoFactory       : Setting initial instance status as: STARTING
2022-11-17 18:07:18.094  INFO 17628 --- [main] com.netflix.discovery.DiscoveryClient    : Initializing Eureka in region us-east-1
2022-11-17 18:07:18.278  INFO 17628 --- [main] c.n.d.provider.DiscoveryJerseyProvider   : Using JSON encoding codec LegacyJacksonJson
2022-11-17 18:07:18.278  INFO 17628 --- [main] c.n.d.provider.DiscoveryJerseyProvider   : Using JSON decoding codec LegacyJacksonJson
2022-11-17 18:07:18.291  INFO 17628 --- [RMI TCP Connection(3)-127.0.0.1] o.a.c.c.C.[Tomcat].[localhost].[/]       : Initializing Spring DispatcherServlet 'dispatcherServlet'
2022-11-17 18:07:18.291  INFO 17628 --- [RMI TCP Connection(3)-127.0.0.1] o.s.web.servlet.DispatcherServlet        : Initializing Servlet 'dispatcherServlet'
2022-11-17 18:07:18.301  INFO 17628 --- [RMI TCP Connection(3)-127.0.0.1] o.s.web.servlet.DispatcherServlet        : Completed initialization in 9 ms
2022-11-17 18:07:18.467  INFO 17628 --- [main] c.n.d.provider.DiscoveryJerseyProvider   : Using XML encoding codec XStreamXml
2022-11-17 18:07:18.467  INFO 17628 --- [main] c.n.d.provider.DiscoveryJerseyProvider   : Using XML decoding codec XStreamXml
2022-11-17 18:07:18.911  INFO 17628 --- [main] c.n.d.s.r.aws.ConfigClusterResolver      : Resolving eureka endpoints via configuration
2022-11-17 18:07:18.934  INFO 17628 --- [main] com.netflix.discovery.DiscoveryClient    : Disable delta property : false
2022-11-17 18:07:18.934  INFO 17628 --- [main] com.netflix.discovery.DiscoveryClient    : Single vip registry refresh property : null
2022-11-17 18:07:18.934  INFO 17628 --- [main] com.netflix.discovery.DiscoveryClient    : Force full registry fetch : false
2022-11-17 18:07:18.934  INFO 17628 --- [main] com.netflix.discovery.DiscoveryClient    : Application is null : false
2022-11-17 18:07:18.935  INFO 17628 --- [main] com.netflix.discovery.DiscoveryClient    : Registered Applications size is zero : true
2022-11-17 18:07:18.935  INFO 17628 --- [main] com.netflix.discovery.DiscoveryClient    : Application version is -1: true
2022-11-17 18:07:18.935  INFO 17628 --- [main] com.netflix.discovery.DiscoveryClient    : Getting all instance registry info from the eureka server
2022-11-17 18:07:19.108  INFO 17628 --- [main] com.netflix.discovery.DiscoveryClient    : The response status is 200
2022-11-17 18:07:19.115  INFO 17628 --- [main] com.netflix.discovery.DiscoveryClient    : Starting heartbeat executor: renew interval is: 30
2022-11-17 18:07:19.121  INFO 17628 --- [main] c.n.discovery.InstanceInfoReplicator     : InstanceInfoReplicator onDemand update allowed rate per min is 4
2022-11-17 18:07:19.135  INFO 17628 --- [main] com.netflix.discovery.DiscoveryClient    : Discovery Client initialized at timestamp 1668688639134 with initial instances count: 7
2022-11-17 18:07:19.137  INFO 17628 --- [main] o.s.c.n.e.s.EurekaServiceRegistry        : Registering application CUSTOMER-SERVICE with eureka with status UP
2022-11-17 18:07:19.137  INFO 17628 --- [main] com.netflix.discovery.DiscoveryClient    : Saw local status change event StatusChangeEvent [timestamp=1668688639137, current=UP, previous=STARTING]
2022-11-17 18:07:19.140  INFO 17628 --- [DiscoveryClient-InstanceInfoReplicator-0] com.netflix.discovery.DiscoveryClient    : DiscoveryClient_CUSTOMER-SERVICE/DESKTOP-UQUBQ79:customer-service:7777: registering service...
2022-11-17 18:07:19.174  INFO 17628 --- [main] o.s.b.w.embedded.tomcat.TomcatWebServer  : Tomcat started on port(s): 7777 (http) with context path ''
2022-11-17 18:07:19.174  INFO 17628 --- [main] .s.c.n.e.s.EurekaAutoServiceRegistration : Updating port to 7777
2022-11-17 18:07:19.174  INFO 17628 --- [DiscoveryClient-InstanceInfoReplicator-0] com.netflix.discovery.DiscoveryClient    : DiscoveryClient_CUSTOMER-SERVICE/DESKTOP-UQUBQ79:customer-service:7777 - registration status: 204
2022-11-17 18:07:19.374  INFO 17628 --- [main] com.crm.customer.Application             : Started Application in 8.378 seconds (JVM running for 9.093)
2022-11-17 18:09:54.252  INFO 17628 --- [DiscoveryClient-CacheRefreshExecutor-0] c.n.d.s.t.d.RedirectingEurekaHttpClient  : Request execution error. endpoint=DefaultEndpoint{ serviceUrl='http://192.168.1.13:8090/eureka/} exception=org.apache.http.conn.ConnectTimeoutException: Connect to 192.168.1.13:8090 timed out stacktrace=com.sun.jersey.api.client.ClientHandlerException: org.apache.http.conn.ConnectTimeoutException: Connect to 192.168.1.13:8090 timed out
	at com.sun.jersey.client.apache4.ApacheHttpClient4Handler.handle(ApacheHttpClient4Handler.java:187)
	at com.sun.jersey.api.client.filter.GZIPContentEncodingFilter.handle(GZIPContentEncodingFilter.java:123)
	at com.netflix.discovery.EurekaIdentityHeaderFilter.handle(EurekaIdentityHeaderFilter.java:27)
	at com.sun.jersey.api.client.Client.handle(Client.java:652)
	at com.sun.jersey.api.client.WebResource.handle(WebResource.java:682)
	at com.sun.jersey.api.client.WebResource.access$200(WebResource.java:74)
	at com.sun.jersey.api.client.WebResource$Builder.get(WebResource.java:509)
	at com.netflix.discovery.shared.transport.jersey.AbstractJerseyEurekaHttpClient.getApplicationsInternal(AbstractJerseyEurekaHttpClient.java:196)
	at com.netflix.discovery.shared.transport.jersey.AbstractJerseyEurekaHttpClient.getDelta(AbstractJerseyEurekaHttpClient.java:172)
	at com.netflix.discovery.shared.transport.decorator.EurekaHttpClientDecorator$7.execute(EurekaHttpClientDecorator.java:152)
	at com.netflix.discovery.shared.transport.decorator.MetricsCollectingEurekaHttpClient.execute(MetricsCollectingEurekaHttpClient.java:73)
	at com.netflix.discovery.shared.transport.decorator.EurekaHttpClientDecorator.getDelta(EurekaHttpClientDecorator.java:149)
	at com.netflix.discovery.shared.transport.decorator.EurekaHttpClientDecorator$7.execute(EurekaHttpClientDecorator.java:152)
	at com.netflix.discovery.shared.transport.decorator.RedirectingEurekaHttpClient.execute(RedirectingEurekaHttpClient.java:91)
	at com.netflix.discovery.shared.transport.decorator.EurekaHttpClientDecorator.getDelta(EurekaHttpClientDecorator.java:149)
	at com.netflix.discovery.shared.transport.decorator.EurekaHttpClientDecorator$7.execute(EurekaHttpClientDecorator.java:152)
	at com.netflix.discovery.shared.transport.decorator.RetryableEurekaHttpClient.execute(RetryableEurekaHttpClient.java:120)
	at com.netflix.discovery.shared.transport.decorator.EurekaHttpClientDecorator.getDelta(EurekaHttpClientDecorator.java:149)
	at com.netflix.discovery.shared.transport.decorator.EurekaHttpClientDecorator$7.execute(EurekaHttpClientDecorator.java:152)
	at com.netflix.discovery.shared.transport.decorator.SessionedEurekaHttpClient.execute(SessionedEurekaHttpClient.java:77)
	at com.netflix.discovery.shared.transport.decorator.EurekaHttpClientDecorator.getDelta(EurekaHttpClientDecorator.java:149)
	at com.netflix.discovery.DiscoveryClient.getAndUpdateDelta(DiscoveryClient.java:1135)
	at com.netflix.discovery.DiscoveryClient.fetchRegistry(DiscoveryClient.java:1016)
	at com.netflix.discovery.DiscoveryClient.refreshRegistry(DiscoveryClient.java:1531)
	at com.netflix.discovery.DiscoveryClient$CacheRefreshThread.run(DiscoveryClient.java:1498)
	at java.base/java.util.concurrent.Executors$RunnableAdapter.call(Executors.java:515)
	at java.base/java.util.concurrent.FutureTask.run(FutureTask.java:264)
	at java.base/java.util.concurrent.ThreadPoolExecutor.runWorker(ThreadPoolExecutor.java:1130)
	at java.base/java.util.concurrent.ThreadPoolExecutor$Worker.run(ThreadPoolExecutor.java:630)
	at java.base/java.lang.Thread.run(Thread.java:832)
Caused by: org.apache.http.conn.ConnectTimeoutException: Connect to 192.168.1.13:8090 timed out
	at org.apache.http.conn.scheme.PlainSocketFactory.connectSocket(PlainSocketFactory.java:123)
	at org.apache.http.impl.conn.DefaultClientConnectionOperator.openConnection(DefaultClientConnectionOperator.java:180)
	at org.apache.http.impl.conn.AbstractPoolEntry.open(AbstractPoolEntry.java:144)
	at org.apache.http.impl.conn.AbstractPooledConnAdapter.open(AbstractPooledConnAdapter.java:134)
	at org.apache.http.impl.client.DefaultRequestDirector.tryConnect(DefaultRequestDirector.java:605)
	at org.apache.http.impl.client.DefaultRequestDirector.execute(DefaultRequestDirector.java:440)
	at org.apache.http.impl.client.AbstractHttpClient.doExecute(AbstractHttpClient.java:835)
	at org.apache.http.impl.client.CloseableHttpClient.execute(CloseableHttpClient.java:118)
	at org.apache.http.impl.client.CloseableHttpClient.execute(CloseableHttpClient.java:56)
	at com.sun.jersey.client.apache4.ApacheHttpClient4Handler.handle(ApacheHttpClient4Handler.java:173)
	... 29 more

2022-11-17 18:09:54.253  WARN 17628 --- [DiscoveryClient-CacheRefreshExecutor-0] c.n.d.s.t.d.RetryableEurekaHttpClient    : Request execution failed with message: org.apache.http.conn.ConnectTimeoutException: Connect to 192.168.1.13:8090 timed out
2022-11-17 18:09:54.277  INFO 17628 --- [DiscoveryClient-HeartbeatExecutor-0] c.n.d.s.t.d.RedirectingEurekaHttpClient  : Request execution error. endpoint=DefaultEndpoint{ serviceUrl='http://192.168.1.13:8090/eureka/} exception=org.apache.http.conn.ConnectTimeoutException: Connect to 192.168.1.13:8090 timed out stacktrace=com.sun.jersey.api.client.ClientHandlerException: org.apache.http.conn.ConnectTimeoutException: Connect to 192.168.1.13:8090 timed out
	at com.sun.jersey.client.apache4.ApacheHttpClient4Handler.handle(ApacheHttpClient4Handler.java:187)
	at com.sun.jersey.api.client.filter.GZIPContentEncodingFilter.handle(GZIPContentEncodingFilter.java:123)
	at com.netflix.discovery.EurekaIdentityHeaderFilter.handle(EurekaIdentityHeaderFilter.java:27)
	at com.sun.jersey.api.client.Client.handle(Client.java:652)
	at com.sun.jersey.api.client.WebResource.handle(WebResource.java:682)
	at com.sun.jersey.api.client.WebResource.access$200(WebResource.java:74)
	at com.sun.jersey.api.client.WebResource$Builder.put(WebResource.java:529)
	at com.netflix.discovery.shared.transport.jersey.AbstractJerseyEurekaHttpClient.sendHeartBeat(AbstractJerseyEurekaHttpClient.java:103)
	at com.netflix.discovery.shared.transport.decorator.EurekaHttpClientDecorator$3.execute(EurekaHttpClientDecorator.java:92)
	at com.netflix.discovery.shared.transport.decorator.MetricsCollectingEurekaHttpClient.execute(MetricsCollectingEurekaHttpClient.java:73)
	at com.netflix.discovery.shared.transport.decorator.EurekaHttpClientDecorator.sendHeartBeat(EurekaHttpClientDecorator.java:89)
	at com.netflix.discovery.shared.transport.decorator.EurekaHttpClientDecorator$3.execute(EurekaHttpClientDecorator.java:92)
	at com.netflix.discovery.shared.transport.decorator.RedirectingEurekaHttpClient.execute(RedirectingEurekaHttpClient.java:91)
	at com.netflix.discovery.shared.transport.decorator.EurekaHttpClientDecorator.sendHeartBeat(EurekaHttpClientDecorator.java:89)
	at com.netflix.discovery.shared.transport.decorator.EurekaHttpClientDecorator$3.execute(EurekaHttpClientDecorator.java:92)
	at com.netflix.discovery.shared.transport.decorator.RetryableEurekaHttpClient.execute(RetryableEurekaHttpClient.java:120)
	at com.netflix.discovery.shared.transport.decorator.EurekaHttpClientDecorator.sendHeartBeat(EurekaHttpClientDecorator.java:89)
	at com.netflix.discovery.shared.transport.decorator.EurekaHttpClientDecorator$3.execute(EurekaHttpClientDecorator.java:92)
	at com.netflix.discovery.shared.transport.decorator.SessionedEurekaHttpClient.execute(SessionedEurekaHttpClient.java:77)
	at com.netflix.discovery.shared.transport.decorator.EurekaHttpClientDecorator.sendHeartBeat(EurekaHttpClientDecorator.java:89)
	at com.netflix.discovery.DiscoveryClient.renew(DiscoveryClient.java:893)
	at com.netflix.discovery.DiscoveryClient$HeartbeatThread.run(DiscoveryClient.java:1457)
	at java.base/java.util.concurrent.Executors$RunnableAdapter.call(Executors.java:515)
	at java.base/java.util.concurrent.FutureTask.run(FutureTask.java:264)
	at java.base/java.util.concurrent.ThreadPoolExecutor.runWorker(ThreadPoolExecutor.java:1130)
	at java.base/java.util.concurrent.ThreadPoolExecutor$Worker.run(ThreadPoolExecutor.java:630)
	at java.base/java.lang.Thread.run(Thread.java:832)
Caused by: org.apache.http.conn.ConnectTimeoutException: Connect to 192.168.1.13:8090 timed out
	at org.apache.http.conn.scheme.PlainSocketFactory.connectSocket(PlainSocketFactory.java:123)
	at org.apache.http.impl.conn.DefaultClientConnectionOperator.openConnection(DefaultClientConnectionOperator.java:180)
	at org.apache.http.impl.conn.AbstractPoolEntry.open(AbstractPoolEntry.java:144)
	at org.apache.http.impl.conn.AbstractPooledConnAdapter.open(AbstractPooledConnAdapter.java:134)
	at org.apache.http.impl.client.DefaultRequestDirector.tryConnect(DefaultRequestDirector.java:605)
	at org.apache.http.impl.client.DefaultRequestDirector.execute(DefaultRequestDirector.java:440)
	at org.apache.http.impl.client.AbstractHttpClient.doExecute(AbstractHttpClient.java:835)
	at org.apache.http.impl.client.CloseableHttpClient.execute(CloseableHttpClient.java:118)
	at org.apache.http.impl.client.CloseableHttpClient.execute(CloseableHttpClient.java:56)
	at com.sun.jersey.client.apache4.ApacheHttpClient4Handler.handle(ApacheHttpClient4Handler.java:173)
	... 26 more

2022-11-17 18:09:54.277  WARN 17628 --- [DiscoveryClient-HeartbeatExecutor-0] c.n.d.s.t.d.RetryableEurekaHttpClient    : Request execution failed with message: org.apache.http.conn.ConnectTimeoutException: Connect to 192.168.1.13:8090 timed out
2022-11-17 18:09:59.257  INFO 17628 --- [DiscoveryClient-CacheRefreshExecutor-0] c.n.d.s.t.d.RedirectingEurekaHttpClient  : Request execution error. endpoint=DefaultEndpoint{ serviceUrl='http://192.168.1.13:8090/eureka/}, exception=org.apache.http.conn.ConnectTimeoutException: Connect to 192.168.1.13:8090 timed out stacktrace=com.sun.jersey.api.client.ClientHandlerException: org.apache.http.conn.ConnectTimeoutException: Connect to 192.168.1.13:8090 timed out
	at com.sun.jersey.client.apache4.ApacheHttpClient4Handler.handle(ApacheHttpClient4Handler.java:187)
	at com.sun.jersey.api.client.filter.GZIPContentEncodingFilter.handle(GZIPContentEncodingFilter.java:123)
	at com.netflix.discovery.EurekaIdentityHeaderFilter.handle(EurekaIdentityHeaderFilter.java:27)
	at com.sun.jersey.api.client.Client.handle(Client.java:652)
	at com.sun.jersey.api.client.WebResource.handle(WebResource.java:682)
	at com.sun.jersey.api.client.WebResource.access$200(WebResource.java:74)
	at com.sun.jersey.api.client.WebResource$Builder.get(WebResource.java:509)
	at com.netflix.discovery.shared.transport.jersey.AbstractJerseyEurekaHttpClient.getApplicationsInternal(AbstractJerseyEurekaHttpClient.java:196)
	at com.netflix.discovery.shared.transport.jersey.AbstractJerseyEurekaHttpClient.getDelta(AbstractJerseyEurekaHttpClient.java:172)
	at com.netflix.discovery.shared.transport.decorator.EurekaHttpClientDecorator$7.execute(EurekaHttpClientDecorator.java:152)
	at com.netflix.discovery.shared.transport.decorator.MetricsCollectingEurekaHttpClient.execute(MetricsCollectingEurekaHttpClient.java:73)
	at com.netflix.discovery.shared.transport.decorator.EurekaHttpClientDecorator.getDelta(EurekaHttpClientDecorator.java:149)
	at com.netflix.discovery.shared.transport.decorator.EurekaHttpClientDecorator$7.execute(EurekaHttpClientDecorator.java:152)
	at com.netflix.discovery.shared.transport.decorator.RedirectingEurekaHttpClient.executeOnNewServer(RedirectingEurekaHttpClient.java:121)
	at com.netflix.discovery.shared.transport.decorator.RedirectingEurekaHttpClient.execute(RedirectingEurekaHttpClient.java:80)
	at com.netflix.discovery.shared.transport.decorator.EurekaHttpClientDecorator.getDelta(EurekaHttpClientDecorator.java:149)
	at com.netflix.discovery.shared.transport.decorator.EurekaHttpClientDecorator$7.execute(EurekaHttpClientDecorator.java:152)
	at com.netflix.discovery.shared.transport.decorator.RetryableEurekaHttpClient.execute(RetryableEurekaHttpClient.java:120)
	at com.netflix.discovery.shared.transport.decorator.EurekaHttpClientDecorator.getDelta(EurekaHttpClientDecorator.java:149)
	at com.netflix.discovery.shared.transport.decorator.EurekaHttpClientDecorator$7.execute(EurekaHttpClientDecorator.java:152)
	at com.netflix.discovery.shared.transport.decorator.SessionedEurekaHttpClient.execute(SessionedEurekaHttpClient.java:77)
	at com.netflix.discovery.shared.transport.decorator.EurekaHttpClientDecorator.getDelta(EurekaHttpClientDecorator.java:149)
	at com.netflix.discovery.DiscoveryClient.getAndUpdateDelta(DiscoveryClient.java:1135)
	at com.netflix.discovery.DiscoveryClient.fetchRegistry(DiscoveryClient.java:1016)
	at com.netflix.discovery.DiscoveryClient.refreshRegistry(DiscoveryClient.java:1531)
	at com.netflix.discovery.DiscoveryClient$CacheRefreshThread.run(DiscoveryClient.java:1498)
	at java.base/java.util.concurrent.Executors$RunnableAdapter.call(Executors.java:515)
	at java.base/java.util.concurrent.FutureTask.run(FutureTask.java:264)
	at java.base/java.util.concurrent.ThreadPoolExecutor.runWorker(ThreadPoolExecutor.java:1130)
	at java.base/java.util.concurrent.ThreadPoolExecutor$Worker.run(ThreadPoolExecutor.java:630)
	at java.base/java.lang.Thread.run(Thread.java:832)
Caused by: org.apache.http.conn.ConnectTimeoutException: Connect to 192.168.1.13:8090 timed out
	at org.apache.http.conn.scheme.PlainSocketFactory.connectSocket(PlainSocketFactory.java:123)
	at org.apache.http.impl.conn.DefaultClientConnectionOperator.openConnection(DefaultClientConnectionOperator.java:180)
	at org.apache.http.impl.conn.AbstractPoolEntry.open(AbstractPoolEntry.java:144)
	at org.apache.http.impl.conn.AbstractPooledConnAdapter.open(AbstractPooledConnAdapter.java:134)
	at org.apache.http.impl.client.DefaultRequestDirector.tryConnect(DefaultRequestDirector.java:605)
	at org.apache.http.impl.client.DefaultRequestDirector.execute(DefaultRequestDirector.java:440)
	at org.apache.http.impl.client.AbstractHttpClient.doExecute(AbstractHttpClient.java:835)
	at org.apache.http.impl.client.CloseableHttpClient.execute(CloseableHttpClient.java:118)
	at org.apache.http.impl.client.CloseableHttpClient.execute(CloseableHttpClient.java:56)
	at com.sun.jersey.client.apache4.ApacheHttpClient4Handler.handle(ApacheHttpClient4Handler.java:173)
	... 30 more

2022-11-17 18:09:59.258  WARN 17628 --- [DiscoveryClient-CacheRefreshExecutor-0] c.n.d.s.t.d.RetryableEurekaHttpClient    : Request execution failed with message: org.apache.http.conn.ConnectTimeoutException: Connect to 192.168.1.13:8090 timed out
2022-11-17 18:09:59.259  INFO 17628 --- [DiscoveryClient-CacheRefreshExecutor-0] com.netflix.discovery.DiscoveryClient    : DiscoveryClient_CUSTOMER-SERVICE/DESKTOP-UQUBQ79:customer-service:7777 - was unable to refresh its cache! This periodic background refresh will be retried in 30 seconds. status = Cannot execute request on any known server stacktrace = com.netflix.discovery.shared.transport.TransportException: Cannot execute request on any known server
	at com.netflix.discovery.shared.transport.decorator.RetryableEurekaHttpClient.execute(RetryableEurekaHttpClient.java:112)
	at com.netflix.discovery.shared.transport.decorator.EurekaHttpClientDecorator.getDelta(EurekaHttpClientDecorator.java:149)
	at com.netflix.discovery.shared.transport.decorator.EurekaHttpClientDecorator$7.execute(EurekaHttpClientDecorator.java:152)
	at com.netflix.discovery.shared.transport.decorator.SessionedEurekaHttpClient.execute(SessionedEurekaHttpClient.java:77)
	at com.netflix.discovery.shared.transport.decorator.EurekaHttpClientDecorator.getDelta(EurekaHttpClientDecorator.java:149)
	at com.netflix.discovery.DiscoveryClient.getAndUpdateDelta(DiscoveryClient.java:1135)
	at com.netflix.discovery.DiscoveryClient.fetchRegistry(DiscoveryClient.java:1016)
	at com.netflix.discovery.DiscoveryClient.refreshRegistry(DiscoveryClient.java:1531)
	at com.netflix.discovery.DiscoveryClient$CacheRefreshThread.run(DiscoveryClient.java:1498)
	at java.base/java.util.concurrent.Executors$RunnableAdapter.call(Executors.java:515)
	at java.base/java.util.concurrent.FutureTask.run(FutureTask.java:264)
	at java.base/java.util.concurrent.ThreadPoolExecutor.runWorker(ThreadPoolExecutor.java:1130)
	at java.base/java.util.concurrent.ThreadPoolExecutor$Worker.run(ThreadPoolExecutor.java:630)
	at java.base/java.lang.Thread.run(Thread.java:832)

2022-11-17 18:09:59.287  INFO 17628 --- [DiscoveryClient-HeartbeatExecutor-0] c.n.d.s.t.d.RedirectingEurekaHttpClient  : Request execution error. endpoint=DefaultEndpoint{ serviceUrl='http://192.168.1.13:8090/eureka/}, exception=org.apache.http.conn.ConnectTimeoutException: Connect to 192.168.1.13:8090 timed out stacktrace=com.sun.jersey.api.client.ClientHandlerException: org.apache.http.conn.ConnectTimeoutException: Connect to 192.168.1.13:8090 timed out
	at com.sun.jersey.client.apache4.ApacheHttpClient4Handler.handle(ApacheHttpClient4Handler.java:187)
	at com.sun.jersey.api.client.filter.GZIPContentEncodingFilter.handle(GZIPContentEncodingFilter.java:123)
	at com.netflix.discovery.EurekaIdentityHeaderFilter.handle(EurekaIdentityHeaderFilter.java:27)
	at com.sun.jersey.api.client.Client.handle(Client.java:652)
	at com.sun.jersey.api.client.WebResource.handle(WebResource.java:682)
	at com.sun.jersey.api.client.WebResource.access$200(WebResource.java:74)
	at com.sun.jersey.api.client.WebResource$Builder.put(WebResource.java:529)
	at com.netflix.discovery.shared.transport.jersey.AbstractJerseyEurekaHttpClient.sendHeartBeat(AbstractJerseyEurekaHttpClient.java:103)
	at com.netflix.discovery.shared.transport.decorator.EurekaHttpClientDecorator$3.execute(EurekaHttpClientDecorator.java:92)
	at com.netflix.discovery.shared.transport.decorator.MetricsCollectingEurekaHttpClient.execute(MetricsCollectingEurekaHttpClient.java:73)
	at com.netflix.discovery.shared.transport.decorator.EurekaHttpClientDecorator.sendHeartBeat(EurekaHttpClientDecorator.java:89)
	at com.netflix.discovery.shared.transport.decorator.EurekaHttpClientDecorator$3.execute(EurekaHttpClientDecorator.java:92)
	at com.netflix.discovery.shared.transport.decorator.RedirectingEurekaHttpClient.executeOnNewServer(RedirectingEurekaHttpClient.java:121)
	at com.netflix.discovery.shared.transport.decorator.RedirectingEurekaHttpClient.execute(RedirectingEurekaHttpClient.java:80)
	at com.netflix.discovery.shared.transport.decorator.EurekaHttpClientDecorator.sendHeartBeat(EurekaHttpClientDecorator.java:89)
	at com.netflix.discovery.shared.transport.decorator.EurekaHttpClientDecorator$3.execute(EurekaHttpClientDecorator.java:92)
	at com.netflix.discovery.shared.transport.decorator.RetryableEurekaHttpClient.execute(RetryableEurekaHttpClient.java:120)
	at com.netflix.discovery.shared.transport.decorator.EurekaHttpClientDecorator.sendHeartBeat(EurekaHttpClientDecorator.java:89)
	at com.netflix.discovery.shared.transport.decorator.EurekaHttpClientDecorator$3.execute(EurekaHttpClientDecorator.java:92)
	at com.netflix.discovery.shared.transport.decorator.SessionedEurekaHttpClient.execute(SessionedEurekaHttpClient.java:77)
	at com.netflix.discovery.shared.transport.decorator.EurekaHttpClientDecorator.sendHeartBeat(EurekaHttpClientDecorator.java:89)
	at com.netflix.discovery.DiscoveryClient.renew(DiscoveryClient.java:893)
	at com.netflix.discovery.DiscoveryClient$HeartbeatThread.run(DiscoveryClient.java:1457)
	at java.base/java.util.concurrent.Executors$RunnableAdapter.call(Executors.java:515)
	at java.base/java.util.concurrent.FutureTask.run(FutureTask.java:264)
	at java.base/java.util.concurrent.ThreadPoolExecutor.runWorker(ThreadPoolExecutor.java:1130)
	at java.base/java.util.concurrent.ThreadPoolExecutor$Worker.run(ThreadPoolExecutor.java:630)
	at java.base/java.lang.Thread.run(Thread.java:832)
Caused by: org.apache.http.conn.ConnectTimeoutException: Connect to 192.168.1.13:8090 timed out
	at org.apache.http.conn.scheme.PlainSocketFactory.connectSocket(PlainSocketFactory.java:123)
	at org.apache.http.impl.conn.DefaultClientConnectionOperator.openConnection(DefaultClientConnectionOperator.java:180)
	at org.apache.http.impl.conn.AbstractPoolEntry.open(AbstractPoolEntry.java:144)
	at org.apache.http.impl.conn.AbstractPooledConnAdapter.open(AbstractPooledConnAdapter.java:134)
	at org.apache.http.impl.client.DefaultRequestDirector.tryConnect(DefaultRequestDirector.java:605)
	at org.apache.http.impl.client.DefaultRequestDirector.execute(DefaultRequestDirector.java:440)
	at org.apache.http.impl.client.AbstractHttpClient.doExecute(AbstractHttpClient.java:835)
	at org.apache.http.impl.client.CloseableHttpClient.execute(CloseableHttpClient.java:118)
	at org.apache.http.impl.client.CloseableHttpClient.execute(CloseableHttpClient.java:56)
	at com.sun.jersey.client.apache4.ApacheHttpClient4Handler.handle(ApacheHttpClient4Handler.java:173)
	... 27 more

2022-11-17 18:09:59.288  WARN 17628 --- [DiscoveryClient-HeartbeatExecutor-0] c.n.d.s.t.d.RetryableEurekaHttpClient    : Request execution failed with message: org.apache.http.conn.ConnectTimeoutException: Connect to 192.168.1.13:8090 timed out
2022-11-17 18:09:59.295 ERROR 17628 --- [DiscoveryClient-HeartbeatExecutor-0] com.netflix.discovery.DiscoveryClient    : DiscoveryClient_CUSTOMER-SERVICE/DESKTOP-UQUBQ79:customer-service:7777 - was unable to send heartbeat!

com.netflix.discovery.shared.transport.TransportException: Cannot execute request on any known server
	at com.netflix.discovery.shared.transport.decorator.RetryableEurekaHttpClient.execute(RetryableEurekaHttpClient.java:112) ~[eureka-client-1.10.17.jar:1.10.17]
	at com.netflix.discovery.shared.transport.decorator.EurekaHttpClientDecorator.sendHeartBeat(EurekaHttpClientDecorator.java:89) ~[eureka-client-1.10.17.jar:1.10.17]
	at com.netflix.discovery.shared.transport.decorator.EurekaHttpClientDecorator$3.execute(EurekaHttpClientDecorator.java:92) ~[eureka-client-1.10.17.jar:1.10.17]
	at com.netflix.discovery.shared.transport.decorator.SessionedEurekaHttpClient.execute(SessionedEurekaHttpClient.java:77) ~[eureka-client-1.10.17.jar:1.10.17]
	at com.netflix.discovery.shared.transport.decorator.EurekaHttpClientDecorator.sendHeartBeat(EurekaHttpClientDecorator.java:89) ~[eureka-client-1.10.17.jar:1.10.17]
	at com.netflix.discovery.DiscoveryClient.renew(DiscoveryClient.java:893) ~[eureka-client-1.10.17.jar:1.10.17]
	at com.netflix.discovery.DiscoveryClient$HeartbeatThread.run(DiscoveryClient.java:1457) ~[eureka-client-1.10.17.jar:1.10.17]
	at java.base/java.util.concurrent.Executors$RunnableAdapter.call(Executors.java:515) ~[na:na]
	at java.base/java.util.concurrent.FutureTask.run(FutureTask.java:264) ~[na:na]
	at java.base/java.util.concurrent.ThreadPoolExecutor.runWorker(ThreadPoolExecutor.java:1130) ~[na:na]
	at java.base/java.util.concurrent.ThreadPoolExecutor$Worker.run(ThreadPoolExecutor.java:630) ~[na:na]
	at java.base/java.lang.Thread.run(Thread.java:832) ~[na:na]

2022-11-17 18:10:22.114 DEBUG 17628 --- [http-nio-7777-exec-2] o.k.adapters.PreAuthActionsHandler       : adminRequest http://localhost:7777/customer/create
2022-11-17 18:10:22.120 DEBUG 17628 --- [http-nio-7777-exec-2] o.k.a.a.ClientCredentialsProviderUtils   : Using provider 'secret' for authentication of client 'Reports-management'
2022-11-17 18:10:22.122 DEBUG 17628 --- [http-nio-7777-exec-2] o.k.a.a.ClientCredentialsProviderUtils   : Loaded clientCredentialsProvider secret
2022-11-17 18:10:22.123 DEBUG 17628 --- [http-nio-7777-exec-2] o.k.a.a.ClientCredentialsProviderUtils   : Loaded clientCredentialsProvider jwt
2022-11-17 18:10:22.123 DEBUG 17628 --- [http-nio-7777-exec-2] o.k.a.a.ClientCredentialsProviderUtils   : Loaded clientCredentialsProvider secret-jwt
2022-11-17 18:10:22.124 DEBUG 17628 --- [http-nio-7777-exec-2] o.k.a.a.ClientCredentialsProviderUtils   : Loaded clientCredentialsProvider secret
2022-11-17 18:10:22.124 DEBUG 17628 --- [http-nio-7777-exec-2] o.k.a.a.ClientCredentialsProviderUtils   : Loaded clientCredentialsProvider jwt
2022-11-17 18:10:22.125 DEBUG 17628 --- [http-nio-7777-exec-2] o.k.a.a.ClientCredentialsProviderUtils   : Loaded clientCredentialsProvider secret-jwt
2022-11-17 18:10:22.132 DEBUG 17628 --- [http-nio-7777-exec-2] o.k.adapters.PreAuthActionsHandler       : checkCorsPreflight http://localhost:7777/customer/create
2022-11-17 18:10:22.143 DEBUG 17628 --- [http-nio-7777-exec-2] o.k.a.BearerTokenRequestAuthenticator    : Found [1] values in authorization header, selecting the first value for Bearer.
2022-11-17 18:10:22.144 DEBUG 17628 --- [http-nio-7777-exec-2] o.k.a.BearerTokenRequestAuthenticator    : Verifying access_token
2022-11-17 18:10:22.152 DEBUG 17628 --- [http-nio-7777-exec-2] o.keycloak.adapters.KeycloakDeployment   : Resolving URLs from http://192.168.1.11:8080/auth/realms/Laboratory/.well-known/openid-configuration
2022-11-17 18:10:22.254  INFO 17628 --- [http-nio-7777-exec-2] o.keycloak.adapters.KeycloakDeployment   : Loaded URLs from http://192.168.1.11:8080/auth/realms/Laboratory/.well-known/openid-configuration
2022-11-17 18:10:22.522 DEBUG 17628 --- [http-nio-7777-exec-2] o.k.a.rotation.JWKPublicKeyLocator       : Realm public keys successfully retrieved for client Reports-management. New kids: [RMpSmbpKe__Ad-YiVL-PEhJ0oiobbZfwhnJbTT_x0oU]
2022-11-17 18:10:22.524 DEBUG 17628 --- [http-nio-7777-exec-2] o.k.a.BearerTokenRequestAuthenticator    : successful authorized
2022-11-17 18:10:22.534 DEBUG 17628 --- [http-nio-7777-exec-2] o.k.adapters.RequestAuthenticator        : User '7513269c-e892-4e1c-8e39-d77f9601dcde' invoking 'http://localhost:7777/customer/create' on client 'Reports-management'
2022-11-17 18:10:22.534 DEBUG 17628 --- [http-nio-7777-exec-2] o.k.adapters.RequestAuthenticator        : Bearer AUTHENTICATED
2022-11-17 18:10:22.534 DEBUG 17628 --- [http-nio-7777-exec-2] .k.a.t.AbstractAuthenticatedActionsValve : AuthenticatedActionsValve.invoke /customer/create
2022-11-17 18:10:22.535 DEBUG 17628 --- [http-nio-7777-exec-2] o.k.a.AuthenticatedActionsHandler        : AuthenticatedActionsValve.invoke http://localhost:7777/customer/create
2022-11-17 18:10:22.597  INFO 17628 --- [http-nio-7777-exec-2] o.k.a.authorization.PolicyEnforcer       : Paths provided in configuration.
2022-11-17 18:10:22.597 DEBUG 17628 --- [http-nio-7777-exec-2] o.k.a.authorization.PolicyEnforcer       : Trying to find resource with uri [/customer/*] for path [/customer/*].
2022-11-17 18:10:22.725 DEBUG 17628 --- [http-nio-7777-exec-2] o.k.a.authorization.PolicyEnforcer       : Trying to find resource with uri [/data-table-metadata/*] for path [/data-table-metadata/*].
2022-11-17 18:10:22.768 DEBUG 17628 --- [http-nio-7777-exec-2] o.k.a.authorization.PolicyEnforcer       : Trying to find resource with uri [/address-details/*] for path [/address-details/*].
2022-11-17 18:10:22.830 DEBUG 17628 --- [http-nio-7777-exec-2] o.k.a.authorization.PolicyEnforcer       : Trying to find resource with uri [/contact-details/*] for path [/contact-details/*].
2022-11-17 18:10:22.904 DEBUG 17628 --- [http-nio-7777-exec-2] o.k.a.authorization.PolicyEnforcer       : Trying to find resource with uri [/reference-details/*] for path [/reference-details/*].
2022-11-17 18:10:22.961 DEBUG 17628 --- [http-nio-7777-exec-2] o.k.a.authorization.PolicyEnforcer       : Trying to find resource with uri [/identification-details/*] for path [/identification-details/*].
2022-11-17 18:10:23.008 DEBUG 17628 --- [http-nio-7777-exec-2] o.k.a.authorization.PolicyEnforcer       : Trying to find resource with uri [/occupation-details/*] for path [/occupation-details/*].
2022-11-17 18:10:23.052 DEBUG 17628 --- [http-nio-7777-exec-2] o.k.a.authorization.PolicyEnforcer       : Trying to find resource with uri [/billing-account/*] for path [/billing-account/*].
2022-11-17 18:10:23.100 DEBUG 17628 --- [http-nio-7777-exec-2] o.k.a.authorization.PolicyEnforcer       : Trying to find resource with uri [/invoice-details/*] for path [/invoice-details/*].
2022-11-17 18:10:23.155 DEBUG 17628 --- [http-nio-7777-exec-2] o.k.a.authorization.PolicyEnforcer       : Trying to find resource with uri [/credit-card-payment/*] for path [/credit-card-payment/*].
2022-11-17 18:10:23.201 DEBUG 17628 --- [http-nio-7777-exec-2] o.k.a.authorization.PolicyEnforcer       : Trying to find resource with uri [/bank-details/*] for path [/bank-details/*].
2022-11-17 18:10:23.243 DEBUG 17628 --- [http-nio-7777-exec-2] o.k.a.authorization.PolicyEnforcer       : Trying to find resource with uri [/billing-contact-details/*] for path [/billing-contact-details/*].
2022-11-17 18:10:23.284 DEBUG 17628 --- [http-nio-7777-exec-2] o.k.a.authorization.PolicyEnforcer       : Trying to find resource with uri [/collaterals/*] for path [/collaterals/*].
2022-11-17 18:10:23.336 DEBUG 17628 --- [http-nio-7777-exec-2] o.k.a.authorization.PolicyEnforcer       : Initialization complete. Path configurations:
2022-11-17 18:10:23.336 DEBUG 17628 --- [http-nio-7777-exec-2] o.k.a.authorization.PolicyEnforcer       : PathConfig{name='null', type='null', path='/customer/*', scopes=[], id='fa82c3a9-c14a-4ea1-b782-7ad14aa8f4ec', enforcerMode='ENFORCING'}
2022-11-17 18:10:23.337 DEBUG 17628 --- [http-nio-7777-exec-2] o.k.a.authorization.PolicyEnforcer       : PathConfig{name='null', type='null', path='/data-table-metadata/*', scopes=[], id='bcf036df-1cf7-4542-a30b-083067ee9141', enforcerMode='ENFORCING'}
2022-11-17 18:10:23.337 DEBUG 17628 --- [http-nio-7777-exec-2] o.k.a.authorization.PolicyEnforcer       : PathConfig{name='null', type='null', path='/address-details/*', scopes=[], id='40a1ff17-2468-435e-8da3-deb58805fbdc', enforcerMode='ENFORCING'}
2022-11-17 18:10:23.337 DEBUG 17628 --- [http-nio-7777-exec-2] o.k.a.authorization.PolicyEnforcer       : PathConfig{name='null', type='null', path='/contact-details/*', scopes=[], id='271c42a5-63ee-4aa7-b47a-468ce8125860', enforcerMode='ENFORCING'}
2022-11-17 18:10:23.337 DEBUG 17628 --- [http-nio-7777-exec-2] o.k.a.authorization.PolicyEnforcer       : PathConfig{name='null', type='null', path='/reference-details/*', scopes=[], id='9e1c59d3-f836-453e-9fc0-799e1e3e8e82', enforcerMode='ENFORCING'}
2022-11-17 18:10:23.337 DEBUG 17628 --- [http-nio-7777-exec-2] o.k.a.authorization.PolicyEnforcer       : PathConfig{name='null', type='null', path='/identification-details/*', scopes=[], id='b55e6f2c-2930-4779-aec4-ca4426522fe3', enforcerMode='ENFORCING'}
2022-11-17 18:10:23.337 DEBUG 17628 --- [http-nio-7777-exec-2] o.k.a.authorization.PolicyEnforcer       : PathConfig{name='null', type='null', path='/occupation-details/*', scopes=[], id='0e5697ee-0567-46aa-89b6-f1c9ab3e683f', enforcerMode='ENFORCING'}
2022-11-17 18:10:23.338 DEBUG 17628 --- [http-nio-7777-exec-2] o.k.a.authorization.PolicyEnforcer       : PathConfig{name='null', type='null', path='/billing-account/*', scopes=[], id='60169f2e-7713-40d1-a182-f7c79745aa41', enforcerMode='ENFORCING'}
2022-11-17 18:10:23.338 DEBUG 17628 --- [http-nio-7777-exec-2] o.k.a.authorization.PolicyEnforcer       : PathConfig{name='null', type='null', path='/invoice-details/*', scopes=[], id='aced42cc-0e72-4890-b2cf-fc0131b078e3', enforcerMode='ENFORCING'}
2022-11-17 18:10:23.338 DEBUG 17628 --- [http-nio-7777-exec-2] o.k.a.authorization.PolicyEnforcer       : PathConfig{name='null', type='null', path='/credit-card-payment/*', scopes=[], id='c49f0659-a2c8-4a54-a2a8-9389de879d5b', enforcerMode='ENFORCING'}
2022-11-17 18:10:23.338 DEBUG 17628 --- [http-nio-7777-exec-2] o.k.a.authorization.PolicyEnforcer       : PathConfig{name='null', type='null', path='/bank-details/*', scopes=[], id='030b616f-b6cd-4861-bd6d-c1f4fd5b25d2', enforcerMode='ENFORCING'}
2022-11-17 18:10:23.339 DEBUG 17628 --- [http-nio-7777-exec-2] o.k.a.authorization.PolicyEnforcer       : PathConfig{name='null', type='null', path='/billing-contact-details/*', scopes=[], id='1fe97ce2-a3d5-4480-b342-f9944c8a45bd', enforcerMode='ENFORCING'}
2022-11-17 18:10:23.339 DEBUG 17628 --- [http-nio-7777-exec-2] o.k.a.authorization.PolicyEnforcer       : PathConfig{name='null', type='null', path='/collaterals/*', scopes=[], id='38d38e11-8fc9-4e0f-a4aa-592bbc462bc5', enforcerMode='ENFORCING'}
2022-11-17 18:10:23.344 DEBUG 17628 --- [http-nio-7777-exec-2] o.k.a.AuthenticatedActionsHandler        : Origin: null uri: http://localhost:7777/customer/create
2022-11-17 18:10:23.345 DEBUG 17628 --- [http-nio-7777-exec-2] o.k.a.AuthenticatedActionsHandler        : cors validation not needed as we are not a secure session or origin header was null: http://localhost:7777/customer/create
2022-11-17 18:10:23.346 DEBUG 17628 --- [http-nio-7777-exec-2] o.k.a.authorization.PolicyEnforcer       : Policy enforcement is enabled. Enforcing policy decisions for path [http://localhost:7777/customer/create].
2022-11-17 18:10:23.352 DEBUG 17628 --- [http-nio-7777-exec-2] o.k.a.a.AbstractPolicyEnforcer           : Checking permissions for path [http://localhost:7777/customer/create] with config [PathConfig{name='null', type='null', path='/customer/*', scopes=[], id='fa82c3a9-c14a-4ea1-b782-7ad14aa8f4ec', enforcerMode='ENFORCING'}].
2022-11-17 18:10:23.354 DEBUG 17628 --- [http-nio-7777-exec-2] o.k.a.a.KeycloakAdapterPolicyEnforcer    : Obtaining authorization for authenticated user.
2022-11-17 18:10:23.425 DEBUG 17628 --- [http-nio-7777-exec-2] o.k.a.a.AbstractPolicyEnforcer           : Authorization GRANTED for path [PathConfig{name='null', type='null', path='/customer/*', scopes=[], id='fa82c3a9-c14a-4ea1-b782-7ad14aa8f4ec', enforcerMode='ENFORCING'}]. Permissions [[Permission {id=fa82c3a9-c14a-4ea1-b782-7ad14aa8f4ec, name=Customer, scopes=[create]}]].
2022-11-17 18:10:23.426 DEBUG 17628 --- [http-nio-7777-exec-2] o.k.a.authorization.PolicyEnforcer       : Policy enforcement result for path [http://localhost:7777/customer/create] is : GRANTED
2022-11-17 18:10:23.426 DEBUG 17628 --- [http-nio-7777-exec-2] o.k.a.authorization.PolicyEnforcer       : Returning authorization context with permissions:
2022-11-17 18:10:23.426 DEBUG 17628 --- [http-nio-7777-exec-2] o.k.a.authorization.PolicyEnforcer       : Permission {id=fa82c3a9-c14a-4ea1-b782-7ad14aa8f4ec, name=Customer, scopes=[create]}
2022-11-17 18:10:46.230 DEBUG 17628 --- [http-nio-7777-exec-3] o.k.adapters.PreAuthActionsHandler       : adminRequest http://localhost:7777/customer/all?owner=7513269c-e892-4e1c-8e39-d77f9601dcde&page=0&size=100&sort=firstName,accountName,ASC
2022-11-17 18:10:46.230 DEBUG 17628 --- [http-nio-7777-exec-3] o.k.adapters.PreAuthActionsHandler       : checkCorsPreflight http://localhost:7777/customer/all?owner=7513269c-e892-4e1c-8e39-d77f9601dcde&page=0&size=100&sort=firstName,accountName,ASC
2022-11-17 18:10:46.231 DEBUG 17628 --- [http-nio-7777-exec-3] o.k.a.BearerTokenRequestAuthenticator    : Found [1] values in authorization header, selecting the first value for Bearer.
2022-11-17 18:10:46.231 DEBUG 17628 --- [http-nio-7777-exec-3] o.k.a.BearerTokenRequestAuthenticator    : Verifying access_token
2022-11-17 18:10:46.234 DEBUG 17628 --- [http-nio-7777-exec-3] o.k.a.BearerTokenRequestAuthenticator    : successful authorized
2022-11-17 18:10:46.235 DEBUG 17628 --- [http-nio-7777-exec-3] o.k.adapters.RequestAuthenticator        : User '7513269c-e892-4e1c-8e39-d77f9601dcde' invoking 'http://localhost:7777/customer/all?owner=7513269c-e892-4e1c-8e39-d77f9601dcde&page=0&size=100&sort=firstName,accountName,ASC' on client 'Reports-management'
2022-11-17 18:10:46.235 DEBUG 17628 --- [http-nio-7777-exec-3] o.k.adapters.RequestAuthenticator        : Bearer AUTHENTICATED
2022-11-17 18:10:46.235 DEBUG 17628 --- [http-nio-7777-exec-3] .k.a.t.AbstractAuthenticatedActionsValve : AuthenticatedActionsValve.invoke /customer/all
2022-11-17 18:10:46.235 DEBUG 17628 --- [http-nio-7777-exec-3] o.k.a.AuthenticatedActionsHandler        : AuthenticatedActionsValve.invoke http://localhost:7777/customer/all?owner=7513269c-e892-4e1c-8e39-d77f9601dcde&page=0&size=100&sort=firstName,accountName,ASC
2022-11-17 18:10:46.236 DEBUG 17628 --- [http-nio-7777-exec-3] o.k.a.AuthenticatedActionsHandler        : Origin: null uri: http://localhost:7777/customer/all?owner=7513269c-e892-4e1c-8e39-d77f9601dcde&page=0&size=100&sort=firstName,accountName,ASC
2022-11-17 18:10:46.236 DEBUG 17628 --- [http-nio-7777-exec-3] o.k.a.AuthenticatedActionsHandler        : cors validation not needed as we are not a secure session or origin header was null: http://localhost:7777/customer/all?owner=7513269c-e892-4e1c-8e39-d77f9601dcde&page=0&size=100&sort=firstName,accountName,ASC
2022-11-17 18:10:46.236 DEBUG 17628 --- [http-nio-7777-exec-3] o.k.a.authorization.PolicyEnforcer       : Policy enforcement is enabled. Enforcing policy decisions for path [http://localhost:7777/customer/all?owner=7513269c-e892-4e1c-8e39-d77f9601dcde&page=0&size=100&sort=firstName,accountName,ASC].
2022-11-17 18:10:46.236 DEBUG 17628 --- [http-nio-7777-exec-3] o.k.a.a.AbstractPolicyEnforcer           : Checking permissions for path [http://localhost:7777/customer/all?owner=7513269c-e892-4e1c-8e39-d77f9601dcde&page=0&size=100&sort=firstName,accountName,ASC] with config [PathConfig{name='null', type='null', path='/customer/*', scopes=[], id='fa82c3a9-c14a-4ea1-b782-7ad14aa8f4ec', enforcerMode='ENFORCING'}].
2022-11-17 18:10:46.236 DEBUG 17628 --- [http-nio-7777-exec-3] o.k.a.a.KeycloakAdapterPolicyEnforcer    : Obtaining authorization for authenticated user.
2022-11-17 18:10:46.290 DEBUG 17628 --- [http-nio-7777-exec-3] o.k.a.a.AbstractPolicyEnforcer           : Authorization GRANTED for path [PathConfig{name='null', type='null', path='/customer/*', scopes=[], id='fa82c3a9-c14a-4ea1-b782-7ad14aa8f4ec', enforcerMode='ENFORCING'}]. Permissions [[Permission {id=fa82c3a9-c14a-4ea1-b782-7ad14aa8f4ec, name=Customer, scopes=[view]}]].
2022-11-17 18:10:46.290 DEBUG 17628 --- [http-nio-7777-exec-3] o.k.a.authorization.PolicyEnforcer       : Policy enforcement result for path [http://localhost:7777/customer/all?owner=7513269c-e892-4e1c-8e39-d77f9601dcde&page=0&size=100&sort=firstName,accountName,ASC] is : GRANTED
2022-11-17 18:10:46.290 DEBUG 17628 --- [http-nio-7777-exec-3] o.k.a.authorization.PolicyEnforcer       : Returning authorization context with permissions:
2022-11-17 18:10:46.290 DEBUG 17628 --- [http-nio-7777-exec-3] o.k.a.authorization.PolicyEnforcer       : Permission {id=fa82c3a9-c14a-4ea1-b782-7ad14aa8f4ec, name=Customer, scopes=[view]}
2022-11-17 18:12:18.950  INFO 17628 --- [AsyncResolver-bootstrap-executor-0] c.n.d.s.r.aws.ConfigClusterResolver      : Resolving eureka endpoints via configuration
2022-11-17 18:17:18.963  INFO 17628 --- [AsyncResolver-bootstrap-executor-0] c.n.d.s.r.aws.ConfigClusterResolver      : Resolving eureka endpoints via configuration
2022-11-17 18:22:18.978  INFO 17628 --- [AsyncResolver-bootstrap-executor-0] c.n.d.s.r.aws.ConfigClusterResolver      : Resolving eureka endpoints via configuration
2022-11-17 18:27:18.989  INFO 17628 --- [AsyncResolver-bootstrap-executor-0] c.n.d.s.r.aws.ConfigClusterResolver      : Resolving eureka endpoints via configuration
2022-11-17 18:32:18.996  INFO 17628 --- [AsyncResolver-bootstrap-executor-0] c.n.d.s.r.aws.ConfigClusterResolver      : Resolving eureka endpoints via configuration
2022-11-17 18:37:18.999  INFO 17628 --- [AsyncResolver-bootstrap-executor-0] c.n.d.s.r.aws.ConfigClusterResolver      : Resolving eureka endpoints via configuration
2022-11-17 18:42:19.012  INFO 17628 --- [AsyncResolver-bootstrap-executor-0] c.n.d.s.r.aws.ConfigClusterResolver      : Resolving eureka endpoints via configuration
2022-11-17 18:47:19.016  INFO 17628 --- [AsyncResolver-bootstrap-executor-0] c.n.d.s.r.aws.ConfigClusterResolver      : Resolving eureka endpoints via configuration
2022-11-17 18:52:19.020  INFO 17628 --- [AsyncResolver-bootstrap-executor-0] c.n.d.s.r.aws.ConfigClusterResolver      : Resolving eureka endpoints via configuration
2022-11-17 18:57:19.030  INFO 17628 --- [AsyncResolver-bootstrap-executor-0] c.n.d.s.r.aws.ConfigClusterResolver      : Resolving eureka endpoints via configuration
2022-11-17 19:02:19.037  INFO 17628 --- [AsyncResolver-bootstrap-executor-0] c.n.d.s.r.aws.ConfigClusterResolver      : Resolving eureka endpoints via configuration
2022-11-17 19:07:19.043  INFO 17628 --- [AsyncResolver-bootstrap-executor-0] c.n.d.s.r.aws.ConfigClusterResolver      : Resolving eureka endpoints via configuration
2022-11-17 19:12:19.061  INFO 17628 --- [AsyncResolver-bootstrap-executor-0] c.n.d.s.r.aws.ConfigClusterResolver      : Resolving eureka endpoints via configuration
2022-11-17 19:17:19.073  INFO 17628 --- [AsyncResolver-bootstrap-executor-0] c.n.d.s.r.aws.ConfigClusterResolver      : Resolving eureka endpoints via configuration
2022-11-17 19:22:19.089  INFO 17628 --- [AsyncResolver-bootstrap-executor-0] c.n.d.s.r.aws.ConfigClusterResolver      : Resolving eureka endpoints via configuration
2022-11-17 19:27:19.098  INFO 17628 --- [AsyncResolver-bootstrap-executor-0] c.n.d.s.r.aws.ConfigClusterResolver      : Resolving eureka endpoints via configuration
2022-11-17 19:32:19.106  INFO 17628 --- [AsyncResolver-bootstrap-executor-0] c.n.d.s.r.aws.ConfigClusterResolver      : Resolving eureka endpoints via configuration
2022-11-17 19:37:19.110  INFO 17628 --- [AsyncResolver-bootstrap-executor-0] c.n.d.s.r.aws.ConfigClusterResolver      : Resolving eureka endpoints via configuration
2022-11-17 19:42:19.126  INFO 17628 --- [AsyncResolver-bootstrap-executor-0] c.n.d.s.r.aws.ConfigClusterResolver      : Resolving eureka endpoints via configuration
2022-11-17 19:47:19.134  INFO 17628 --- [AsyncResolver-bootstrap-executor-0] c.n.d.s.r.aws.ConfigClusterResolver      : Resolving eureka endpoints via configuration
2022-11-17 19:52:19.151  INFO 17628 --- [AsyncResolver-bootstrap-executor-0] c.n.d.s.r.aws.ConfigClusterResolver      : Resolving eureka endpoints via configuration
2022-11-17 19:57:19.165  INFO 17628 --- [AsyncResolver-bootstrap-executor-0] c.n.d.s.r.aws.ConfigClusterResolver      : Resolving eureka endpoints via configuration
